# JRE version: OpenJDK Runtime Environment AdoptOpenJDK (11.0.8+10) (build 11.0.8+10)
# Java VM: OpenJDK 64-Bit Server VM AdoptOpenJDK (11.0.8+10, mixed mode, tiered, compressed oops, g1 gc, windows-amd64)
Heap:
 garbage-first heap   total 189440K, used 103419K [0x0000000081800000, 0x0000000100000000)
  region size 1024K, 3 young (3072K), 1 survivors (1024K)
 Metaspace       used 49763K, capacity 50492K, committed 50816K, reserved 1093632K
  class space    used 5717K, capacity 5994K, committed 6016K, reserved 1048576K
GC Heap History (20 events):
Event: 17.308 GC heap before
{Heap before GC invocations=15 (full 0):
 garbage-first heap   total 131072K, used 95980K [0x0000000081800000, 0x0000000100000000)
  region size 1024K, 52 young (53248K), 8 survivors (8192K)
 Metaspace       used 49480K, capacity 50168K, committed 50304K, reserved 1093632K
  class space    used 5689K, capacity 5993K, committed 6016K, reserved 1048576K
}
Event: 17.330 GC heap after
{Heap after GC invocations=16 (full 0):
 garbage-first heap   total 131072K, used 61440K [0x0000000081800000, 0x0000000100000000)
  region size 1024K, 7 young (7168K), 7 survivors (7168K)
 Metaspace       used 49480K, capacity 50168K, committed 50304K, reserved 1093632K
  class space    used 5689K, capacity 5993K, committed 6016K, reserved 1048576K
}
Event: 17.866 GC heap before
{Heap before GC invocations=16 (full 0):
 garbage-first heap   total 131072K, used 97280K [0x0000000081800000, 0x0000000100000000)
  region size 1024K, 42 young (43008K), 7 survivors (7168K)
 Metaspace       used 49501K, capacity 50168K, committed 50304K, reserved 1093632K
  class space    used 5689K, capacity 5993K, committed 6016K, reserved 1048576K
}
Event: 17.885 GC heap after
{Heap after GC invocations=17 (full 0):
 garbage-first heap   total 131072K, used 68608K [0x0000000081800000, 0x0000000100000000)
  region size 1024K, 6 young (6144K), 6 survivors (6144K)
 Metaspace       used 49501K, capacity 50168K, committed 50304K, reserved 1093632K
  class space    used 5689K, capacity 5993K, committed 6016K, reserved 1048576K
}
Event: 18.313 GC heap before
{Heap before GC invocations=17 (full 0):
 garbage-first heap   total 131072K, used 99328K [0x0000000081800000, 0x0000000100000000)
  region size 1024K, 37 young (37888K), 6 survivors (6144K)
 Metaspace       used 49505K, capacity 50232K, committed 50560K, reserved 1093632K
  class space    used 5689K, capacity 5993K, committed 6016K, reserved 1048576K
}
Event: 18.329 GC heap after
{Heap after GC invocations=18 (full 0):
 garbage-first heap   total 131072K, used 75558K [0x0000000081800000, 0x0000000100000000)
  region size 1024K, 5 young (5120K), 5 survivors (5120K)
 Metaspace       used 49505K, capacity 50232K, committed 50560K, reserved 1093632K
  class space    used 5689K, capacity 5993K, committed 6016K, reserved 1048576K
}
Event: 18.657 GC heap before
{Heap before GC invocations=19 (full 0):
 garbage-first heap   total 131072K, used 93990K [0x0000000081800000, 0x0000000100000000)
  region size 1024K, 25 young (25600K), 5 survivors (5120K)
 Metaspace       used 49604K, capacity 50297K, committed 50560K, reserved 1093632K
  class space    used 5707K, capacity 5993K, committed 6016K, reserved 1048576K
}
Event: 18.671 GC heap after
{Heap after GC invocations=20 (full 0):
 garbage-first heap   total 157696K, used 80476K [0x0000000081800000, 0x0000000100000000)
  region size 1024K, 4 young (4096K), 4 survivors (4096K)
 Metaspace       used 49604K, capacity 50297K, committed 50560K, reserved 1093632K
  class space    used 5707K, capacity 5993K, committed 6016K, reserved 1048576K
}
Event: 19.287 GC heap before
{Heap before GC invocations=21 (full 0):
 garbage-first heap   total 157696K, used 114268K [0x0000000081800000, 0x0000000100000000)
  region size 1024K, 35 young (35840K), 4 survivors (4096K)
 Metaspace       used 49614K, capacity 50297K, committed 50560K, reserved 1093632K
  class space    used 5707K, capacity 5993K, committed 6016K, reserved 1048576K
}
Event: 19.299 GC heap after
{Heap after GC invocations=22 (full 0):
 garbage-first heap   total 157696K, used 86500K [0x0000000081800000, 0x0000000100000000)
  region size 1024K, 4 young (4096K), 4 survivors (4096K)
 Metaspace       used 49614K, capacity 50297K, committed 50560K, reserved 1093632K
  class space    used 5707K, capacity 5993K, committed 6016K, reserved 1048576K
}
Event: 19.748 GC heap before
{Heap before GC invocations=22 (full 0):
 garbage-first heap   total 157696K, used 117220K [0x0000000081800000, 0x0000000100000000)
  region size 1024K, 34 young (34816K), 4 survivors (4096K)
 Metaspace       used 49622K, capacity 50297K, committed 50560K, reserved 1093632K
  class space    used 5707K, capacity 5993K, committed 6016K, reserved 1048576K
}
Event: 19.762 GC heap after
{Heap after GC invocations=23 (full 0):
 garbage-first heap   total 157696K, used 91000K [0x0000000081800000, 0x0000000100000000)
  region size 1024K, 5 young (5120K), 5 survivors (5120K)
 Metaspace       used 49622K, capacity 50297K, committed 50560K, reserved 1093632K
  class space    used 5707K, capacity 5993K, committed 6016K, reserved 1048576K
}
Event: 20.200 GC heap before
{Heap before GC invocations=24 (full 0):
 garbage-first heap   total 157696K, used 117624K [0x0000000081800000, 0x0000000100000000)
  region size 1024K, 33 young (33792K), 5 survivors (5120K)
 Metaspace       used 49624K, capacity 50297K, committed 50560K, reserved 1093632K
  class space    used 5707K, capacity 5993K, committed 6016K, reserved 1048576K
}
Event: 20.214 GC heap after
{Heap after GC invocations=25 (full 0):
 garbage-first heap   total 157696K, used 93290K [0x0000000081800000, 0x0000000100000000)
  region size 1024K, 5 young (5120K), 5 survivors (5120K)
 Metaspace       used 49624K, capacity 50297K, committed 50560K, reserved 1093632K
  class space    used 5707K, capacity 5993K, committed 6016K, reserved 1048576K
}
Event: 20.724 GC heap before
{Heap before GC invocations=25 (full 0):
 garbage-first heap   total 157696K, used 121962K [0x0000000081800000, 0x0000000100000000)
  region size 1024K, 33 young (33792K), 5 survivors (5120K)
 Metaspace       used 49633K, capacity 50297K, committed 50560K, reserved 1093632K
  class space    used 5707K, capacity 5993K, committed 6016K, reserved 1048576K
}
Event: 20.736 GC heap after
{Heap after GC invocations=26 (full 0):
 garbage-first heap   total 157696K, used 97235K [0x0000000081800000, 0x0000000100000000)
  region size 1024K, 4 young (4096K), 4 survivors (4096K)
 Metaspace       used 49633K, capacity 50297K, committed 50560K, reserved 1093632K
  class space    used 5707K, capacity 5993K, committed 6016K, reserved 1048576K
}
Event: 21.249 GC heap before
{Heap before GC invocations=27 (full 0):
 garbage-first heap   total 157696K, used 123859K [0x0000000081800000, 0x0000000100000000)
  region size 1024K, 31 young (31744K), 4 survivors (4096K)
 Metaspace       used 49683K, capacity 50425K, committed 50560K, reserved 1093632K
  class space    used 5713K, capacity 5993K, committed 6016K, reserved 1048576K
}
Event: 21.261 GC heap after
{Heap after GC invocations=28 (full 0):
 garbage-first heap   total 157696K, used 100855K [0x0000000081800000, 0x0000000100000000)
  region size 1024K, 4 young (4096K), 4 survivors (4096K)
 Metaspace       used 49683K, capacity 50425K, committed 50560K, reserved 1093632K
  class space    used 5713K, capacity 5993K, committed 6016K, reserved 1048576K
}
Event: 21.468 GC heap before
{Heap before GC invocations=28 (full 0):
 garbage-first heap   total 157696K, used 102903K [0x0000000081800000, 0x0000000100000000)
  region size 1024K, 7 young (7168K), 4 survivors (4096K)
 Metaspace       used 49696K, capacity 50425K, committed 50560K, reserved 1093632K
  class space    used 5713K, capacity 5993K, committed 6016K, reserved 1048576K
}
Event: 21.476 GC heap after
{Heap after GC invocations=29 (full 0):
 garbage-first heap   total 189440K, used 101371K [0x0000000081800000, 0x0000000100000000)
  region size 1024K, 1 young (1024K), 1 survivors (1024K)
 Metaspace       used 49696K, capacity 50425K, committed 50560K, reserved 1093632K
  class space    used 5713K, capacity 5993K, committed 6016K, reserved 1048576K
}

